2019-05-23 11:23:40,151:__main__:DEBUG:PID 4036: KeyboardInterrupt or IOError
2019-05-23 11:23:40,151:__main__:DEBUG:PID 4036: Shutting down servers ...
2019-05-23 14:16:46,664:__main__:DEBUG:PID 8980: KeyboardInterrupt or IOError
2019-05-23 14:16:46,664:__main__:DEBUG:PID 8980: Shutting down servers ...
2019-05-23 14:17:04,917:__main__:INFO:PID 8980:  ... No more servers running.
2019-05-23 14:17:04,917:__main__:DEBUG:PID 8980: Joining threads ...
2019-05-23 14:17:04,917:__main__:DEBUG:PID 8980: ... Threads joined. Exiting.
2019-05-23 14:19:24,693:__main__:INFO:PID 9000: DeviceServer Failure. Process 8484 is dead with exitcode 1. Restarting...
2019-05-23 14:19:24,693:__main__:INFO:PID 9000: ... DeviceServer with PID 8484 restarted as PID 9424.
2019-05-23 14:19:29,700:__main__:INFO:PID 9000: DeviceServer Failure. Process 9424 is dead with exitcode 1. Restarting...
2019-05-23 14:19:29,700:__main__:INFO:PID 9000: ... DeviceServer with PID 9424 restarted as PID 9736.
2019-05-23 14:19:34,708:__main__:INFO:PID 9000: DeviceServer Failure. Process 9736 is dead with exitcode 1. Restarting...
2019-05-23 14:19:34,708:__main__:INFO:PID 9000: ... DeviceServer with PID 9736 restarted as PID 8292.
2019-05-23 14:19:39,716:__main__:INFO:PID 9000: DeviceServer Failure. Process 8292 is dead with exitcode 1. Restarting...
2019-05-23 14:19:39,716:__main__:INFO:PID 9000: ... DeviceServer with PID 8292 restarted as PID 4616.
2019-05-23 14:19:44,723:__main__:INFO:PID 9000: DeviceServer Failure. Process 4616 is dead with exitcode 1. Restarting...
2019-05-23 14:19:44,723:__main__:INFO:PID 9000: ... DeviceServer with PID 4616 restarted as PID 8244.
2019-05-23 14:19:49,731:__main__:INFO:PID 9000: DeviceServer Failure. Process 8244 is dead with exitcode 1. Restarting...
2019-05-23 14:19:49,731:__main__:INFO:PID 9000: ... DeviceServer with PID 8244 restarted as PID 9296.
2019-05-23 14:19:54,738:__main__:INFO:PID 9000: DeviceServer Failure. Process 9296 is dead with exitcode 1. Restarting...
2019-05-23 14:19:54,738:__main__:INFO:PID 9000: ... DeviceServer with PID 9296 restarted as PID 7948.
2019-05-23 14:19:59,746:__main__:INFO:PID 9000: DeviceServer Failure. Process 7948 is dead with exitcode 1. Restarting...
2019-05-23 14:19:59,746:__main__:INFO:PID 9000: ... DeviceServer with PID 7948 restarted as PID 9316.
2019-05-23 14:20:04,754:__main__:INFO:PID 9000: DeviceServer Failure. Process 9316 is dead with exitcode 1. Restarting...
2019-05-23 14:20:04,754:__main__:INFO:PID 9000: ... DeviceServer with PID 9316 restarted as PID 8528.
2019-05-23 14:20:09,761:__main__:INFO:PID 9000: DeviceServer Failure. Process 8528 is dead with exitcode 1. Restarting...
2019-05-23 14:20:09,761:__main__:INFO:PID 9000: ... DeviceServer with PID 8528 restarted as PID 9364.
2019-05-23 14:20:14,769:__main__:INFO:PID 9000: DeviceServer Failure. Process 9364 is dead with exitcode 1. Restarting...
2019-05-23 14:20:14,769:__main__:INFO:PID 9000: ... DeviceServer with PID 9364 restarted as PID 9940.
2019-05-23 14:20:19,776:__main__:INFO:PID 9000: DeviceServer Failure. Process 9940 is dead with exitcode 1. Restarting...
2019-05-23 14:20:19,776:__main__:INFO:PID 9000: ... DeviceServer with PID 9940 restarted as PID 9372.
2019-05-23 14:20:24,784:__main__:INFO:PID 9000: DeviceServer Failure. Process 9372 is dead with exitcode 1. Restarting...
2019-05-23 14:20:24,784:__main__:INFO:PID 9000: ... DeviceServer with PID 9372 restarted as PID 9076.
2019-05-23 14:20:29,792:__main__:INFO:PID 9000: DeviceServer Failure. Process 9076 is dead with exitcode 1. Restarting...
2019-05-23 14:20:29,792:__main__:INFO:PID 9000: ... DeviceServer with PID 9076 restarted as PID 9468.
2019-05-23 14:20:34,799:__main__:INFO:PID 9000: DeviceServer Failure. Process 9468 is dead with exitcode 1. Restarting...
2019-05-23 14:20:34,799:__main__:INFO:PID 9000: ... DeviceServer with PID 9468 restarted as PID 8440.
2019-05-23 14:20:39,807:__main__:INFO:PID 9000: DeviceServer Failure. Process 8440 is dead with exitcode 1. Restarting...
2019-05-23 14:20:39,807:__main__:INFO:PID 9000: ... DeviceServer with PID 8440 restarted as PID 9064.
2019-05-23 14:20:44,815:__main__:INFO:PID 9000: DeviceServer Failure. Process 9064 is dead with exitcode 1. Restarting...
2019-05-23 14:20:44,815:__main__:INFO:PID 9000: ... DeviceServer with PID 9064 restarted as PID 7256.
2019-05-23 14:20:49,822:__main__:INFO:PID 9000: DeviceServer Failure. Process 7256 is dead with exitcode 1. Restarting...
2019-05-23 14:20:49,822:__main__:INFO:PID 9000: ... DeviceServer with PID 7256 restarted as PID 3920.
2019-05-23 14:20:54,830:__main__:INFO:PID 9000: DeviceServer Failure. Process 3920 is dead with exitcode 1. Restarting...
2019-05-23 14:20:54,830:__main__:INFO:PID 9000: ... DeviceServer with PID 3920 restarted as PID 9524.
2019-05-23 14:20:59,837:__main__:INFO:PID 9000: DeviceServer Failure. Process 9524 is dead with exitcode 1. Restarting...
2019-05-23 14:20:59,837:__main__:INFO:PID 9000: ... DeviceServer with PID 9524 restarted as PID 8244.
2019-05-23 14:21:04,845:__main__:INFO:PID 9000: DeviceServer Failure. Process 8244 is dead with exitcode 1. Restarting...
2019-05-23 14:21:04,845:__main__:INFO:PID 9000: ... DeviceServer with PID 8244 restarted as PID 7656.
2019-05-23 14:21:09,853:__main__:INFO:PID 9000: DeviceServer Failure. Process 7656 is dead with exitcode 1. Restarting...
2019-05-23 14:21:09,853:__main__:INFO:PID 9000: ... DeviceServer with PID 7656 restarted as PID 9268.
2019-05-23 14:21:14,860:__main__:INFO:PID 9000: DeviceServer Failure. Process 9268 is dead with exitcode 1. Restarting...
2019-05-23 14:21:14,860:__main__:INFO:PID 9000: ... DeviceServer with PID 9268 restarted as PID 4764.
2019-05-23 14:21:19,868:__main__:INFO:PID 9000: DeviceServer Failure. Process 4764 is dead with exitcode 1. Restarting...
2019-05-23 14:21:19,868:__main__:INFO:PID 9000: ... DeviceServer with PID 4764 restarted as PID 10160.
2019-05-23 14:21:24,875:__main__:INFO:PID 9000: DeviceServer Failure. Process 10160 is dead with exitcode 1. Restarting...
2019-05-23 14:21:24,875:__main__:INFO:PID 9000: ... DeviceServer with PID 10160 restarted as PID 8820.
2019-05-23 14:21:29,883:__main__:INFO:PID 9000: DeviceServer Failure. Process 8820 is dead with exitcode 1. Restarting...
2019-05-23 14:21:29,883:__main__:INFO:PID 9000: ... DeviceServer with PID 8820 restarted as PID 8588.
2019-05-23 14:21:34,891:__main__:INFO:PID 9000: DeviceServer Failure. Process 8588 is dead with exitcode 1. Restarting...
2019-05-23 14:21:34,891:__main__:INFO:PID 9000: ... DeviceServer with PID 8588 restarted as PID 7864.
2019-05-23 14:21:39,898:__main__:INFO:PID 9000: DeviceServer Failure. Process 7864 is dead with exitcode 1. Restarting...
2019-05-23 14:21:39,898:__main__:INFO:PID 9000: ... DeviceServer with PID 7864 restarted as PID 7308.
2019-05-23 14:21:44,906:__main__:INFO:PID 9000: DeviceServer Failure. Process 7308 is dead with exitcode 1. Restarting...
2019-05-23 14:21:44,906:__main__:INFO:PID 9000: ... DeviceServer with PID 7308 restarted as PID 9112.
2019-05-23 14:21:49,913:__main__:INFO:PID 9000: DeviceServer Failure. Process 9112 is dead with exitcode 1. Restarting...
2019-05-23 14:21:49,913:__main__:INFO:PID 9000: ... DeviceServer with PID 9112 restarted as PID 9144.
2019-05-23 14:21:54,921:__main__:INFO:PID 9000: DeviceServer Failure. Process 9144 is dead with exitcode 1. Restarting...
2019-05-23 14:21:54,921:__main__:INFO:PID 9000: ... DeviceServer with PID 9144 restarted as PID 8732.
2019-05-23 14:21:59,929:__main__:INFO:PID 9000: DeviceServer Failure. Process 8732 is dead with exitcode 1. Restarting...
2019-05-23 14:21:59,929:__main__:INFO:PID 9000: ... DeviceServer with PID 8732 restarted as PID 4616.
2019-05-23 14:22:04,936:__main__:INFO:PID 9000: DeviceServer Failure. Process 4616 is dead with exitcode 1. Restarting...
2019-05-23 14:22:04,936:__main__:INFO:PID 9000: ... DeviceServer with PID 4616 restarted as PID 8464.
2019-05-23 14:22:09,944:__main__:INFO:PID 9000: DeviceServer Failure. Process 8464 is dead with exitcode 1. Restarting...
2019-05-23 14:22:09,944:__main__:INFO:PID 9000: ... DeviceServer with PID 8464 restarted as PID 5900.
2019-05-23 14:22:14,951:__main__:INFO:PID 9000: DeviceServer Failure. Process 5900 is dead with exitcode 1. Restarting...
2019-05-23 14:22:14,951:__main__:INFO:PID 9000: ... DeviceServer with PID 5900 restarted as PID 4764.
2019-05-23 14:22:19,959:__main__:INFO:PID 9000: DeviceServer Failure. Process 4764 is dead with exitcode 1. Restarting...
2019-05-23 14:22:19,959:__main__:INFO:PID 9000: ... DeviceServer with PID 4764 restarted as PID 7408.
2019-05-23 14:22:24,967:__main__:INFO:PID 9000: DeviceServer Failure. Process 7408 is dead with exitcode 1. Restarting...
2019-05-23 14:22:24,967:__main__:INFO:PID 9000: ... DeviceServer with PID 7408 restarted as PID 9984.
2019-05-23 14:22:27,931:__main__:DEBUG:PID 9000: KeyboardInterrupt or IOError
2019-05-23 14:22:27,931:__main__:DEBUG:PID 9000: Shutting down servers ...
2019-05-23 14:22:53,842:__main__:INFO:PID 7376: DeviceServer Failure. Process 3772 is dead with exitcode 1. Restarting...
2019-05-23 14:22:53,842:__main__:INFO:PID 7376: ... DeviceServer with PID 3772 restarted as PID 6368.
2019-05-23 14:22:58,850:__main__:INFO:PID 7376: DeviceServer Failure. Process 6368 is dead with exitcode 1. Restarting...
2019-05-23 14:22:58,850:__main__:INFO:PID 7376: ... DeviceServer with PID 6368 restarted as PID 10036.
2019-05-23 14:23:01,393:__main__:DEBUG:PID 7376: KeyboardInterrupt or IOError
2019-05-23 14:23:01,393:__main__:DEBUG:PID 7376: Shutting down servers ...
2019-05-23 14:23:09,505:__main__:INFO:PID 7376:  ... No more servers running.
2019-05-23 14:23:09,505:__main__:DEBUG:PID 7376: Joining threads ...
2019-05-23 14:23:09,505:__main__:DEBUG:PID 7376: ... Threads joined. Exiting.
2019-05-23 14:29:35,980:__main__:DEBUG:PID 2808: KeyboardInterrupt or IOError
2019-05-23 14:29:35,980:__main__:DEBUG:PID 2808: Shutting down servers ...
2019-05-23 14:29:54,079:__main__:INFO:PID 2808:  ... No more servers running.
2019-05-23 14:29:54,079:__main__:DEBUG:PID 2808: Joining threads ...
2019-05-23 14:29:54,079:__main__:DEBUG:PID 2808: ... Threads joined. Exiting.
2019-05-23 14:56:17,571:__main__:DEBUG:PID 9804: KeyboardInterrupt or IOError
2019-05-23 14:56:17,571:__main__:DEBUG:PID 9804: Shutting down servers ...
2019-05-23 14:56:35,823:__main__:INFO:PID 9804:  ... No more servers running.
2019-05-23 14:56:35,823:__main__:DEBUG:PID 9804: Joining threads ...
2019-05-23 14:56:35,823:__main__:DEBUG:PID 9804: ... Threads joined. Exiting.
2019-05-23 14:56:47,554:__main__:DEBUG:PID 3508: KeyboardInterrupt or IOError
2019-05-23 14:56:47,554:__main__:DEBUG:PID 3508: Shutting down servers ...
2019-05-23 15:32:57,024:__main__:DEBUG:PID 8900: KeyboardInterrupt or IOError
2019-05-23 15:32:57,024:__main__:DEBUG:PID 8900: Shutting down servers ...
2019-05-23 15:33:15,025:__main__:INFO:PID 8900:  ... No more servers running.
2019-05-23 15:33:15,025:__main__:DEBUG:PID 8900: Joining threads ...
2019-05-23 15:33:15,026:__main__:DEBUG:PID 8900: ... Threads joined. Exiting.
2019-05-23 15:35:38,240:__main__:DEBUG:PID 9952: KeyboardInterrupt or IOError
2019-05-23 15:35:38,240:__main__:DEBUG:PID 9952: Shutting down servers ...
2019-05-23 15:53:38,836:__main__:DEBUG:PID 9108: KeyboardInterrupt or IOError
2019-05-23 15:53:38,836:__main__:DEBUG:PID 9108: Shutting down servers ...
2019-05-24 10:47:25,865:__main__:DEBUG:PID 10200: KeyboardInterrupt or IOError
2019-05-24 10:47:25,865:__main__:DEBUG:PID 10200: Shutting down servers ...
2019-05-24 10:48:12,010:__main__:DEBUG:PID 10204: KeyboardInterrupt or IOError
2019-05-24 10:48:12,010:__main__:DEBUG:PID 10204: Shutting down servers ...
2019-05-24 10:48:51,977:__main__:DEBUG:PID 7828: KeyboardInterrupt or IOError
2019-05-24 10:48:51,977:__main__:DEBUG:PID 7828: Shutting down servers ...
2019-06-12 08:32:45,490:__main__:INFO:PID 8392: DeviceServer Failure. Process 8852 is dead with exitcode 3221226519. Restarting...
2019-06-12 08:32:45,490:__main__:INFO:PID 8392: ... DeviceServer with PID 8852 restarted as PID 8684.
2019-06-12 08:35:45,966:__main__:INFO:PID 9824: DeviceServer Failure. Process 9856 is dead with exitcode 3221226519. Restarting...
2019-06-12 08:35:45,966:__main__:INFO:PID 9824: ... DeviceServer with PID 9856 restarted as PID 10040.
2019-06-12 08:35:50,974:__main__:INFO:PID 9824: DeviceServer Failure. Process 10040 is dead with exitcode 3221226519. Restarting...
2019-06-12 08:35:50,974:__main__:INFO:PID 9824: ... DeviceServer with PID 10040 restarted as PID 8128.
2019-06-12 08:36:00,989:__main__:INFO:PID 9824: DeviceServer Failure. Process 8128 is dead with exitcode 3221226519. Restarting...
2019-06-12 08:36:00,989:__main__:INFO:PID 9824: ... DeviceServer with PID 8128 restarted as PID 7916.
2019-06-12 08:36:05,997:__main__:INFO:PID 9824: DeviceServer Failure. Process 7916 is dead with exitcode 3221226519. Restarting...
2019-06-12 08:36:05,997:__main__:INFO:PID 9824: ... DeviceServer with PID 7916 restarted as PID 10184.
2019-06-12 09:25:29,047:__main__:DEBUG:PID 5972: KeyboardInterrupt or IOError
2019-06-12 09:25:29,047:__main__:DEBUG:PID 5972: Shutting down servers ...
2019-06-12 09:25:47,299:__main__:INFO:PID 5972:  ... No more servers running.
2019-06-12 09:25:47,299:__main__:DEBUG:PID 5972: Joining threads ...
2019-06-12 09:25:47,299:__main__:DEBUG:PID 5972: ... Threads joined. Exiting.
2019-06-12 10:08:37,284:__main__:DEBUG:PID 9280: KeyboardInterrupt or IOError
2019-06-12 10:08:37,284:__main__:DEBUG:PID 9280: Shutting down servers ...
2019-06-12 10:08:55,537:__main__:INFO:PID 9280:  ... No more servers running.
2019-06-12 10:08:55,537:__main__:DEBUG:PID 9280: Joining threads ...
2019-06-12 10:08:55,537:__main__:DEBUG:PID 9280: ... Threads joined. Exiting.
2019-06-22 14:27:42,567:__main__:INFO:PID 7332: DeviceServer Failure. Process 9740 is dead with exitcode 3221225786. Restarting...
2019-06-22 14:27:42,567:__main__:INFO:PID 7332: ... DeviceServer with PID 9740 restarted as PID 9888.
2019-06-22 14:58:11,335:__main__:INFO:PID 9824: DeviceServer Failure. Process 9616 is dead with exitcode 3221225786. Restarting...
2019-06-22 14:58:11,335:__main__:INFO:PID 9824: ... DeviceServer with PID 9616 restarted as PID 8492.
2019-09-10 13:05:51,589:__main__:DEBUG:PID 8912: KeyboardInterrupt or IOError
2019-09-10 13:05:51,589:__main__:DEBUG:PID 8912: Shutting down servers ...
2019-09-10 13:08:09,492:__main__:INFO:PID 8912:  ... No more servers running.
2019-09-10 13:08:09,492:__main__:DEBUG:PID 8912: Joining threads ...
2019-09-10 13:08:09,492:__main__:DEBUG:PID 8912: ... Threads joined. Exiting.
2020-01-28 13:47:58,566:__main__:INFO:PID 4388: DeviceServer Failure. Process 816 is dead with exitcode 3221225786. Restarting...
2020-01-28 14:09:03,104:__main__:INFO:PID 3536: DeviceServer Failure. Process 3868 is dead with exitcode 3221225786. Restarting...
2020-01-28 14:09:03,104:__main__:INFO:PID 3536: ... DeviceServer with PID 3868 restarted as PID 4564.
2020-02-03 15:03:59,811:__main__:INFO:PID 4928: DeviceServer Failure. Process 4352 is dead with exitcode 3221226519. Restarting...
2020-02-03 15:03:59,889:__main__:INFO:PID 4928: ... DeviceServer with PID 4352 restarted as PID 2188.
2020-02-10 15:58:47,458:__main__:INFO:PID 4776: DeviceServer Failure. Process 4140 is dead with exitcode 3221225786. Restarting...
2020-11-04 10:17:53,862:__main__:INFO:PID 4580: DeviceServer Failure. Process 2300 is dead with exitcode 3221226519. Restarting...
2020-11-04 10:17:53,940:__main__:INFO:PID 4580: ... DeviceServer with PID 2300 restarted as PID 4896.
2020-11-04 10:19:00,755:__main__:DEBUG:PID 3336: KeyboardInterrupt or IOError
2020-11-04 10:19:00,755:__main__:DEBUG:PID 3336: Shutting down servers ...
2020-11-04 10:19:28,804:__main__:DEBUG:PID 1816: KeyboardInterrupt or IOError
2020-11-04 10:19:28,804:__main__:DEBUG:PID 1816: Shutting down servers ...
2020-11-04 10:19:31,846:__main__:INFO:PID 1816:  ... No more servers running.
2020-11-04 10:19:31,846:__main__:DEBUG:PID 1816: Joining threads ...
2020-11-04 10:19:31,846:__main__:DEBUG:PID 1816: ... Threads joined. Exiting.
2020-11-04 10:19:40,520:__main__:DEBUG:PID 3452: KeyboardInterrupt or IOError
2020-11-04 10:19:40,520:__main__:DEBUG:PID 3452: Shutting down servers ...
2020-11-04 10:20:35,603:__main__:INFO:PID 4012: DeviceServer Failure. Process 4720 is dead with exitcode 3221226519. Restarting...
2020-11-04 10:20:35,603:__main__:INFO:PID 4012: ... DeviceServer with PID 4720 restarted as PID 1628.
2020-11-04 10:21:00,641:__main__:INFO:PID 4012: DeviceServer Failure. Process 1628 is dead with exitcode 3221226519. Restarting...
2020-11-04 10:21:00,641:__main__:INFO:PID 4012: ... DeviceServer with PID 1628 restarted as PID 4004.
2020-11-04 10:22:42,884:__main__:INFO:PID 4064: DeviceServer Failure. Process 4780 is dead with exitcode 3221226519. Restarting...
2020-11-04 10:22:42,884:__main__:INFO:PID 4064: ... DeviceServer with PID 4780 restarted as PID 3708.
2020-11-04 10:23:23,975:__main__:INFO:PID 4076: DeviceServer Failure. Process 1636 is dead with exitcode 3221226519. Restarting...
2020-11-04 10:23:23,975:__main__:INFO:PID 4076: ... DeviceServer with PID 1636 restarted as PID 4304.
2020-11-04 10:23:44,005:__main__:INFO:PID 4076: DeviceServer Failure. Process 4304 is dead with exitcode 3221226519. Restarting...
2020-11-04 10:23:44,005:__main__:INFO:PID 4076: ... DeviceServer with PID 4304 restarted as PID 1108.
2020-11-09 14:50:54,168:__main__:INFO:PID 2616: DeviceServer Failure. Process 3684 is dead with exitcode 3221226519. Restarting...
2020-11-09 14:50:54,168:__main__:INFO:PID 2616: ... DeviceServer with PID 3684 restarted as PID 4452.
2020-11-09 15:05:51,326:__main__:INFO:PID 4772: DeviceServer Failure. Process 4356 is dead with exitcode 3221226519. Restarting...
2020-11-09 15:05:51,326:__main__:INFO:PID 4772: ... DeviceServer with PID 4356 restarted as PID 468.
2020-11-09 15:08:06,703:__main__:INFO:PID 1984: DeviceServer Failure. Process 4428 is dead with exitcode 3221226519. Restarting...
2020-11-09 15:08:06,703:__main__:INFO:PID 1984: ... DeviceServer with PID 4428 restarted as PID 3236.
2020-11-09 15:10:49,208:__main__:INFO:PID 1160: DeviceServer Failure. Process 2172 is dead with exitcode 3221226519. Restarting...
2020-11-09 15:10:49,208:__main__:INFO:PID 1160: ... DeviceServer with PID 2172 restarted as PID 4236.
2020-11-09 15:11:14,246:__main__:INFO:PID 1160: DeviceServer Failure. Process 4236 is dead with exitcode 3221226519. Restarting...
2020-11-09 15:11:14,246:__main__:INFO:PID 1160: ... DeviceServer with PID 4236 restarted as PID 252.
2020-11-09 15:11:19,254:__main__:INFO:PID 1160: DeviceServer Failure. Process 252 is dead with exitcode 3221226519. Restarting...
2020-11-09 15:11:19,254:__main__:INFO:PID 1160: ... DeviceServer with PID 252 restarted as PID 4924.
2020-11-09 15:11:24,261:__main__:INFO:PID 1160: DeviceServer Failure. Process 4924 is dead with exitcode 3221226519. Restarting...
2020-11-09 15:11:24,261:__main__:INFO:PID 1160: ... DeviceServer with PID 4924 restarted as PID 4692.
2020-11-09 15:12:09,330:__main__:INFO:PID 1160: DeviceServer Failure. Process 4692 is dead with exitcode 3221226519. Restarting...
2020-11-09 15:12:09,330:__main__:INFO:PID 1160: ... DeviceServer with PID 4692 restarted as PID 4980.
2020-11-09 15:12:14,337:__main__:INFO:PID 1160: DeviceServer Failure. Process 4980 is dead with exitcode 3221226519. Restarting...
2020-11-09 15:12:14,337:__main__:INFO:PID 1160: ... DeviceServer with PID 4980 restarted as PID 4072.
2020-11-09 15:12:59,406:__main__:INFO:PID 1160: DeviceServer Failure. Process 4072 is dead with exitcode 3221226519. Restarting...
2020-11-09 15:12:59,406:__main__:INFO:PID 1160: ... DeviceServer with PID 4072 restarted as PID 1960.
2020-11-09 15:13:04,414:__main__:INFO:PID 1160: DeviceServer Failure. Process 1960 is dead with exitcode 3221226519. Restarting...
2020-11-09 15:13:04,414:__main__:INFO:PID 1160: ... DeviceServer with PID 1960 restarted as PID 4980.
2020-11-09 15:13:09,421:__main__:INFO:PID 1160: DeviceServer Failure. Process 4980 is dead with exitcode 3221226519. Restarting...
2020-11-09 15:13:09,421:__main__:INFO:PID 1160: ... DeviceServer with PID 4980 restarted as PID 4120.
2020-11-09 15:13:14,429:__main__:INFO:PID 1160: DeviceServer Failure. Process 4120 is dead with exitcode 3221226519. Restarting...
2020-11-09 15:13:14,429:__main__:INFO:PID 1160: ... DeviceServer with PID 4120 restarted as PID 2260.
2020-11-09 15:13:19,436:__main__:INFO:PID 1160: DeviceServer Failure. Process 2260 is dead with exitcode 3221226519. Restarting...
2020-11-09 15:13:19,436:__main__:INFO:PID 1160: ... DeviceServer with PID 2260 restarted as PID 1064.
2020-11-09 15:13:24,444:__main__:INFO:PID 1160: DeviceServer Failure. Process 1064 is dead with exitcode 3221226519. Restarting...
2020-11-09 15:13:24,444:__main__:INFO:PID 1160: ... DeviceServer with PID 1064 restarted as PID 4392.
2020-11-09 15:13:29,452:__main__:INFO:PID 1160: DeviceServer Failure. Process 4392 is dead with exitcode 3221226519. Restarting...
2020-11-09 15:13:29,452:__main__:INFO:PID 1160: ... DeviceServer with PID 4392 restarted as PID 4272.
2020-11-09 15:13:34,459:__main__:INFO:PID 1160: DeviceServer Failure. Process 4272 is dead with exitcode 3221226519. Restarting...
2020-11-09 15:13:34,459:__main__:INFO:PID 1160: ... DeviceServer with PID 4272 restarted as PID 3980.
2020-12-10 17:10:02,842:__main__:INFO:PID 4924: DeviceServer Failure. Process 3428 is dead with exitcode 3221225786. Restarting...
2020-12-10 17:10:02,842:__main__:INFO:PID 4924: ... DeviceServer with PID 3428 restarted as PID 4732.
2020-12-11 09:58:00,919:__main__:INFO:PID 2536: DeviceServer Failure. Process 4908 is dead with exitcode 3221225786. Restarting...
2020-12-11 09:58:00,919:__main__:INFO:PID 2536: ... DeviceServer with PID 4908 restarted as PID 4596.
2021-01-25 13:26:59,080:__main__:INFO:PID 5088: DeviceServer Failure. Process 3308 is dead with exitcode 3221225786. Restarting...
2021-02-11 11:09:41,828:__main__:INFO:PID 4572: DeviceServer Failure. Process 4816 is dead with exitcode 3221225786. Restarting...
2021-02-11 11:09:41,828:__main__:INFO:PID 4572: ... DeviceServer with PID 4816 restarted as PID 5924.
2021-03-05 09:30:51,967:__main__:INFO:PID 5124: DeviceServer Failure. Process 4192 is dead with exitcode 3221226519. Restarting...
2021-03-05 09:30:51,967:__main__:INFO:PID 5124: ... DeviceServer with PID 4192 restarted as PID 5628.
2021-03-23 12:42:33,296:__main__:INFO:PID 5448: DeviceServer Failure. Process 5920 is dead with exitcode 3221226519. Restarting...
2021-03-23 12:42:33,296:__main__:INFO:PID 5448: ... DeviceServer with PID 5920 restarted as PID 5624.
2021-05-07 12:32:17,883:__main__:INFO:PID 7052: DeviceServer Failure. Process 6408 is dead with exitcode 3221226519. Restarting...
2021-05-07 12:32:17,883:__main__:INFO:PID 7052: ... DeviceServer with PID 6408 restarted as PID 3512.
2021-05-10 10:37:52,973:__main__:INFO:PID 1616: DeviceServer Failure. Process 4832 is dead with exitcode 3221226519. Restarting...
2021-05-10 10:37:52,973:__main__:INFO:PID 1616: ... DeviceServer with PID 4832 restarted as PID 3488.
2021-06-10 13:25:48,230:__main__:DEBUG:PID 3564: KeyboardInterrupt or IOError
2021-06-10 13:25:48,245:__main__:DEBUG:PID 3564: Shutting down servers ...
2021-06-10 13:27:55,741:__main__:INFO:PID 3564:  ... No more servers running.
2021-06-10 13:27:55,741:__main__:DEBUG:PID 3564: Joining threads ...
2021-06-10 13:27:55,741:__main__:DEBUG:PID 3564: ... Threads joined. Exiting.
2021-06-10 14:16:42,385:__main__:DEBUG:PID 2952: KeyboardInterrupt or IOError
2021-06-10 14:16:42,386:__main__:DEBUG:PID 2952: Shutting down servers ...
2021-06-10 14:16:50,388:__main__:INFO:PID 2952:  ... No more servers running.
2021-06-10 14:16:50,388:__main__:DEBUG:PID 2952: Joining threads ...
2021-06-10 14:16:50,389:__main__:DEBUG:PID 2952: ... Threads joined. Exiting.
2021-06-15 11:44:39,975:__main__:DEBUG:PID 3768: KeyboardInterrupt or IOError
2021-06-15 11:44:39,976:__main__:DEBUG:PID 3768: Shutting down servers ...
2021-06-15 11:44:57,978:__main__:INFO:PID 3768:  ... No more servers running.
2021-06-15 11:44:57,978:__main__:DEBUG:PID 3768: Joining threads ...
2021-06-15 11:44:57,979:__main__:DEBUG:PID 3768: ... Threads joined. Exiting.
2021-06-15 13:07:08,767:__main__:DEBUG:PID 4864: KeyboardInterrupt or IOError
2021-06-15 13:07:08,845:__main__:DEBUG:PID 4864: Shutting down servers ...
2021-06-15 13:07:27,013:__main__:INFO:PID 4864:  ... No more servers running.
2021-06-15 13:07:27,013:__main__:DEBUG:PID 4864: Joining threads ...
2021-06-15 13:07:27,014:__main__:DEBUG:PID 4864: ... Threads joined. Exiting.
